<?xml version="1.0" encoding="UTF-8"?>
<!-- Generated by org.testng.reporters.JUnitReportReporter -->
<testsuite hostname="Mehul-SurfacePro7" name="com.qa.api.test.APITest" tests="2" failures="0" timestamp="5 Sep 2021 11:37:02 GMT" time="10.646" errors="0">
  <testcase name="verifyPOSTTest" time="2.820" classname="com.qa.api.test.APITest"/>
  <testcase name="verifyGetTEST" time="7.826" classname="com.qa.api.test.APITest"/>
</testsuite> <!-- com.qa.api.test.APITest -->
