<?xml version="1.0" encoding="UTF-8"?>
<!-- Generated by org.testng.reporters.JUnitReportReporter -->
<testsuite hostname="Mehul-SurfacePro7" name="com.qa.web.test.DragAndDropTest" tests="1" failures="0" timestamp="5 Sep 2021 11:37:02 GMT" time="16.142" errors="0">
  <testcase name="dragAndDrop" time="16.142" classname="com.qa.web.test.DragAndDropTest"/>
</testsuite> <!-- com.qa.web.test.DragAndDropTest -->
