<?xml version="1.0" encoding="UTF-8"?>
<!-- Generated by org.testng.reporters.JUnitReportReporter -->
<testsuite hostname="Mehul-SurfacePro7" name="com.qa.web.test.SelectTest" tests="1" failures="0" timestamp="5 Sep 2021 11:37:02 GMT" time="10.668" errors="0">
  <testcase name="selectItems" time="10.668" classname="com.qa.web.test.SelectTest"/>
</testsuite> <!-- com.qa.web.test.SelectTest -->
