<?xml version="1.0" encoding="UTF-8"?>
<!-- Generated by org.testng.reporters.JUnitReportReporter -->
<testsuite hostname="Mehul-SurfacePro7" name="com.qa.web.test.CheckBoxAndRadioButtonTest" tests="1" failures="0" timestamp="5 Sep 2021 11:37:02 GMT" time="10.283" errors="0">
  <testcase name="selectRadioButtonAndCheckBox" time="10.283" classname="com.qa.web.test.CheckBoxAndRadioButtonTest"/>
</testsuite> <!-- com.qa.web.test.CheckBoxAndRadioButtonTest -->
